ERROR: SQLSTATE[HY000] [2002] No such file or directory - /v.3.1/inc/ajax/user/general/status.php?username=zThxx at Saturday 9th of February, 2019, 02:55:17 PM
ERROR: SQLSTATE[HY000] [2002] No such file or directory - /v.3.1/inc/ajax/user/general/status.php?username=Nournours at Sunday 10th of February, 2019, 08:48:48 PM
ERROR: SQLSTATE[HY000] [2002] No such file or directory - /v.3.1/inc/ajax/user/general/status.php?username=jeremyc703 at Sunday 10th of February, 2019, 08:48:49 PM
ERROR: SQLSTATE[HY000] [2002] No such file or directory - /v.3.1/inc/ajax/user/general/status.php?username=Keizohhh at Sunday 10th of February, 2019, 08:48:49 PM
ERROR: SQLSTATE[HY000] [2002] No such file or directory - /v.3.1/inc/ajax/user/general/status.php?username=Yanis69200 at Sunday 10th of February, 2019, 08:48:50 PM
ERROR: SQLSTATE[HY000] [2002] No such file or directory - /v.3.1/inc/ajax/user/general/status.php?username=fixkiller at Sunday 10th of February, 2019, 08:48:50 PM
ERROR: SQLSTATE[HY000] [2002] No such file or directory - /v.3.1/inc/ajax/user/general/status.php?username=alucare at Sunday 10th of February, 2019, 08:48:50 PM
ERROR: SQLSTATE[HY000] [2002] No such file or directory - /v.3.1/inc/ajax/user/general/status.php?username=Mouiri at Sunday 10th of February, 2019, 08:48:50 PM
ERROR: SQLSTATE[HY000] [2002] No such file or directory - /v.3.1/inc/ajax/user/general/status.php?username=jeremyc703 at Sunday 10th of February, 2019, 08:49:19 PM
ERROR: SQLSTATE[HY000] [2002] No such file or directory - /v.3.1/inc/ajax/user/general/status.php?username=Keizohhh at Sunday 10th of February, 2019, 08:49:19 PM
ERROR: SQLSTATE[HY000] [2002] No such file or directory - /v.3.1/inc/ajax/user/general/status.php?username=Yanis69200 at Sunday 10th of February, 2019, 08:49:20 PM
ERROR: SQLSTATE[HY000] [2002] No such file or directory - /v.3.1/inc/ajax/user/general/status.php?username=fixkiller at Sunday 10th of February, 2019, 08:49:20 PM
ERROR: SQLSTATE[HY000] [2002] No such file or directory - /v.3.1/inc/ajax/user/general/status.php?username=alucare at Sunday 10th of February, 2019, 08:49:20 PM
ERROR: SQLSTATE[HY000] [2002] No such file or directory - /v.3.1/inc/ajax/user/general/status.php?username=Mouiri at Sunday 10th of February, 2019, 08:49:21 PM
ERROR: SQLSTATE[HY000] [2002] No such file or directory - /v.3.1/inc/ajax/user/general/status.php?username=Zarrell at Sunday 10th of February, 2019, 08:49:21 PM
ERROR: SQLSTATE[HY000] [2002] No such file or directory - /v.3.1/inc/ajax/user/general/status.php?username=Swno at Sunday 10th of February, 2019, 08:49:21 PM
ERROR: SQLSTATE[HY000] [2002] No such file or directory - /v.3.1/inc/ajax/user/general/status.php?username=Swno at Sunday 10th of February, 2019, 08:49:51 PM
ERROR: SQLSTATE[HY000] [2002] No such file or directory - /v.3.1/inc/ajax/user/general/status.php?username=Zarrell at Sunday 10th of February, 2019, 08:49:51 PM
ERROR: SQLSTATE[HY000] [2002] No such file or directory - /v.3.1/inc/ajax/user/general/status.php?username=fixkiller at Sunday 10th of February, 2019, 08:49:52 PM
ERROR: SQLSTATE[HY000] [2002] No such file or directory - /v.3.1/inc/ajax/user/general/status.php?username=YaZrHoD16 at Sunday 10th of February, 2019, 08:49:52 PM
ERROR: SQLSTATE[HY000] [2002] No such file or directory - /v.3.1/inc/ajax/user/general/status.php?username=LKD95 at Sunday 10th of February, 2019, 08:49:52 PM
ERROR: SQLSTATE[HY000] [2002] No such file or directory - /v.3.1/inc/ajax/user/general/status.php?username=Nournours at Sunday 10th of February, 2019, 08:49:53 PM
ERROR: SQLSTATE[HY000] [2002] No such file or directory - /v.3.1/inc/ajax/user/general/status.php?username=jeremyc703 at Sunday 10th of February, 2019, 08:49:53 PM
ERROR: SQLSTATE[HY000] [2002] No such file or directory - /v.3.1/inc/ajax/user/general/status.php?username=YaZrHoD16 at Sunday 10th of February, 2019, 08:50:22 PM
ERROR: SQLSTATE[HY000] [2002] No such file or directory - /v.3.1/inc/ajax/user/general/status.php?username=LKD95 at Sunday 10th of February, 2019, 08:50:23 PM
ERROR: SQLSTATE[HY000] [2002] No such file or directory - /v.3.1/inc/ajax/user/general/status.php?username=Nournours at Sunday 10th of February, 2019, 08:50:23 PM
ERROR: SQLSTATE[HY000] [2002] No such file or directory - /v.3.1/inc/ajax/user/general/status.php?username=padre at Sunday 10th of February, 2019, 08:50:23 PM
ERROR: SQLSTATE[HY000] [2002] No such file or directory - /v.3.1/inc/ajax/user/general/status.php?username=jeremyc703 at Sunday 10th of February, 2019, 08:50:23 PM
ERROR: SQLSTATE[HY000] [2002] No such file or directory - /v.3.1/inc/ajax/user/general/status.php?username=Keizohhh at Sunday 10th of February, 2019, 08:50:24 PM
ERROR: SQLSTATE[HY000] [2002] No such file or directory - /v.3.1/inc/ajax/user/general/status.php?username=Yanis69200 at Sunday 10th of February, 2019, 08:50:25 PM
ERROR: SQLSTATE[HY000] [2002] No such file or directory - /v.3.1/inc/ajax/user/general/status.php?username=fixkiller at Sunday 10th of February, 2019, 08:50:25 PM
ERROR: SQLSTATE[HY000] [2002] No such file or directory - /v.3.1/inc/ajax/user/general/status.php?username=LKD95 at Sunday 10th of February, 2019, 08:50:52 PM
ERROR: SQLSTATE[HY000] [2002] No such file or directory - /v.3.1/inc/ajax/user/general/status.php?username=Nournours at Sunday 10th of February, 2019, 08:50:53 PM
ERROR: SQLSTATE[HY000] [2002] No such file or directory - /v.3.1/inc/ajax/user/general/status.php?username=YaZrHoD16 at Sunday 10th of February, 2019, 08:50:53 PM
ERROR: SQLSTATE[HY000] [2002] No such file or directory - /v.3.1/inc/ajax/user/general/status.php?username=padre at Sunday 10th of February, 2019, 08:50:53 PM
ERROR: SQLSTATE[HY000] [2002] No such file or directory - /v.3.1/inc/ajax/user/general/status.php?username=jeremyc703 at Sunday 10th of February, 2019, 08:50:53 PM
ERROR: SQLSTATE[HY000] [2002] No such file or directory - /v.3.1/inc/ajax/user/general/status.php?username=Keizohhh at Sunday 10th of February, 2019, 08:50:54 PM
ERROR: SQLSTATE[HY000] [2002] No such file or directory - /v.3.1/inc/ajax/user/general/status.php?username=Yanis69200 at Sunday 10th of February, 2019, 08:50:55 PM
ERROR: SQLSTATE[HY000] [2002] No such file or directory - /v.3.1/inc/ajax/user/general/status.php?username=gianlu at Monday 11th of February, 2019, 12:11:38 PM
ERROR: SQLSTATE[HY000] [2002] No such file or directory - /v.3.1/inc/ajax/user/general/status.php?username=alucare at Thursday 14th of February, 2019, 08:55:41 PM
ERROR: SQLSTATE[HY000] [2002] No such file or directory - /v.3.1/inc/ajax/user/general/status.php?username=Fame at Thursday 14th of February, 2019, 08:55:41 PM
ERROR: SQLSTATE[HY000] [2002] No such file or directory - /v.3.1/inc/ajax/user/general/status.php?username=ThomasBr at Thursday 14th of February, 2019, 08:55:43 PM
ERROR: SQLSTATE[HY000] [2002] No such file or directory - /v.3.1/inc/ajax/user/general/status.php?username=jeremyc703 at Thursday 14th of February, 2019, 08:55:43 PM
ERROR: SQLSTATE[HY000] [2002] No such file or directory - /v.3.1/inc/ajax/user/general/status.php?username=Nournours at Thursday 14th of February, 2019, 08:55:43 PM
ERROR: SQLSTATE[HY000] [2002] No such file or directory - /v.3.1/inc/ajax/user/general/status.php?username=dimitriii13 at Thursday 14th of February, 2019, 08:55:43 PM
ERROR: SQLSTATE[HY000] [2002] No such file or directory - /v.3.1/inc/ajax/user/general/status.php?username=padre at Sunday 17th of February, 2019, 06:50:57 PM
ERROR: SQLSTATE[HY000] [2002] No such file or directory - /v.3.1/inc/ajax/user/general/status.php?username=ZayHugo at Sunday 17th of February, 2019, 06:50:57 PM
ERROR: SQLSTATE[HY000] [2002] No such file or directory - /v.3.1/inc/ajax/user/general/status.php?username=Eauscar at Sunday 17th of February, 2019, 06:50:57 PM
ERROR: SQLSTATE[HY000] [2002] No such file or directory - /v.3.1/inc/ajax/user/general/status.php?username=alucare at Sunday 17th of February, 2019, 06:50:57 PM
ERROR: SQLSTATE[HY000] [2002] No such file or directory - /v.3.1/inc/ajax/user/general/status.php?username=Yanis69200 at Sunday 17th of February, 2019, 06:51:25 PM
ERROR: SQLSTATE[HY000] [2002] No such file or directory - /v.3.1/inc/ajax/user/general/status.php?username=jeremyc703 at Sunday 17th of February, 2019, 06:51:25 PM
ERROR: SQLSTATE[HY000] [2002] No such file or directory - /v.3.1/inc/ajax/user/general/status.php?username=chris at Sunday 17th of February, 2019, 06:51:25 PM
ERROR: SQLSTATE[HY000] [2002] No such file or directory - /v.3.1/inc/ajax/user/general/status.php?username=julioju59 at Sunday 17th of February, 2019, 06:51:25 PM
ERROR: SQLSTATE[HY000] [2002] No such file or directory - /v.3.1/inc/ajax/user/general/status.php?username=ZayHugo at Sunday 17th of February, 2019, 06:51:54 PM
ERROR: SQLSTATE[HY000] [2002] No such file or directory - /v.3.1/inc/ajax/user/general/status.php?username=Yanis69200 at Sunday 17th of February, 2019, 06:51:55 PM
ERROR: SQLSTATE[HY000] [2002] No such file or directory - /v.3.1/inc/ajax/user/general/status.php?username=chris at Sunday 17th of February, 2019, 06:51:55 PM
ERROR: SQLSTATE[HY000] [2002] No such file or directory - /v.3.1/inc/ajax/user/general/status.php?username=jeremyc703 at Sunday 17th of February, 2019, 06:51:55 PM
ERROR: SQLSTATE[HY000] [2002] No such file or directory - /v.3.1/inc/ajax/user/general/status.php?username=julioju59 at Sunday 17th of February, 2019, 06:51:55 PM
ERROR: SQLSTATE[HY000] [2002] No such file or directory - /v.3.1/inc/ajax/user/general/status.php?username=padre at Sunday 17th of February, 2019, 06:51:57 PM
ERROR: SQLSTATE[HY000] [2002] No such file or directory - /v.3.1/inc/ajax/user/general/status.php?username=chris at Sunday 17th of February, 2019, 06:52:25 PM
ERROR: SQLSTATE[HY000] [2002] No such file or directory - /v.3.1/inc/ajax/user/general/status.php?username=jeremyc703 at Sunday 17th of February, 2019, 06:52:25 PM
ERROR: SQLSTATE[HY000] [2002] No such file or directory - /v.3.1/inc/ajax/user/general/status.php?username=julioju59 at Sunday 17th of February, 2019, 06:52:25 PM
ERROR: SQLSTATE[HY000] [2002] No such file or directory - /v.3.1/inc/ajax/user/general/status.php?username=julien at Sunday 17th of February, 2019, 06:52:25 PM
ERROR: SQLSTATE[HY000] [2002] No such file or directory - /v.3.1/inc/ajax/user/general/status.php?username=Yanis69200 at Sunday 17th of February, 2019, 06:52:55 PM
ERROR: SQLSTATE[HY000] [2002] No such file or directory - /v.3.1/inc/ajax/user/general/status.php?username=chris at Sunday 17th of February, 2019, 06:52:55 PM
ERROR: SQLSTATE[HY000] [2002] No such file or directory - /v.3.1/inc/ajax/user/general/status.php?username=jeremyc703 at Sunday 17th of February, 2019, 06:52:55 PM
ERROR: SQLSTATE[HY000] [2002] No such file or directory - /v.3.1/inc/ajax/user/general/status.php?username=julioju59 at Sunday 17th of February, 2019, 06:52:55 PM
ERROR: SQLSTATE[HY000] [2002] No such file or directory - /v.3.1/inc/ajax/user/general/status.php?username=ZayHugo at Sunday 17th of February, 2019, 06:53:24 PM
ERROR: SQLSTATE[HY000] [2002] No such file or directory - /v.3.1/inc/ajax/user/general/status.php?username=Yanis69200 at Sunday 17th of February, 2019, 06:53:25 PM
ERROR: SQLSTATE[HY000] [2002] No such file or directory - /v.3.1/inc/ajax/user/general/status.php?username=chris at Sunday 17th of February, 2019, 06:53:25 PM
ERROR: SQLSTATE[HY000] [2002] No such file or directory - /v.3.1/inc/ajax/user/general/status.php?username=jeremyc703 at Sunday 17th of February, 2019, 06:53:25 PM
ERROR: SQLSTATE[HY000] [2002] No such file or directory - /v.3.1/inc/ajax/user/general/status.php?username=julioju59 at Sunday 17th of February, 2019, 06:53:25 PM
ERROR: SQLSTATE[HY000] [2002] No such file or directory - /v.3.1/inc/ajax/user/general/status.php?username=padre at Sunday 17th of February, 2019, 06:53:27 PM
ERROR: SQLSTATE[HY000] [2002] No such file or directory - /v.3.1/inc/ajax/user/general/status.php?username=chris at Sunday 17th of February, 2019, 06:53:55 PM
ERROR: SQLSTATE[HY000] [2002] No such file or directory - /v.3.1/inc/ajax/user/general/status.php?username=jeremyc703 at Sunday 17th of February, 2019, 06:53:55 PM
ERROR: SQLSTATE[HY000] [2002] No such file or directory - /v.3.1/inc/ajax/user/general/status.php?username=Yanis69200 at Sunday 17th of February, 2019, 06:53:55 PM
ERROR: SQLSTATE[HY000] [2002] No such file or directory - /v.3.1/inc/ajax/user/general/status.php?username=julioju59 at Sunday 17th of February, 2019, 06:53:55 PM
ERROR: SQLSTATE[HY000] [2002] No such file or directory - /v.3.1/inc/ajax/user/general/status.php?username=padre at Sunday 17th of February, 2019, 06:53:57 PM
ERROR: SQLSTATE[HY000] [2002] No such file or directory - /v.3.1/inc/ajax/user/general/status.php?username=ZayHugo at Sunday 17th of February, 2019, 06:53:57 PM
ERROR: SQLSTATE[HY000] [2002] No such file or directory - /v.3.1/inc/ajax/user/general/status.php?username=alucare at Sunday 17th of February, 2019, 06:53:57 PM
ERROR: SQLSTATE[HY000] [2002] No such file or directory - /v.3.1/inc/ajax/user/general/status.php?username=Eauscar at Sunday 17th of February, 2019, 06:53:57 PM
ERROR: SQLSTATE[HY000] [2002] No such file or directory - /v.3.1/inc/ajax/user/general/status.php?username=chris at Saturday 23rd of February, 2019, 10:34:46 PM
ERROR: SQLSTATE[HY000] [2002] No such file or directory - /v.3.1/inc/ajax/user/general/status.php?username=leried at Saturday 23rd of February, 2019, 10:34:47 PM
ERROR: SQLSTATE[HY000] [2002] No such file or directory - /v.3.1/inc/ajax/user/general/status.php?username=jeremyc703 at Saturday 23rd of February, 2019, 10:34:48 PM
ERROR: SQLSTATE[HY000] [2006] MySQL server has gone away - /v.3.1/inc/ajax/user/general/status.php?username=ZbeubZbeub at Saturday 9th of March, 2019, 09:42:37 PM
ERROR: SQLSTATE[HY000] [2002] No such file or directory - /v.3.1/inc/ajax/user/general/status.php?username=SspiiDroZz at Saturday 9th of March, 2019, 09:42:37 PM
ERROR: SQLSTATE[HY000] [2002] No such file or directory - /v.3.1/inc/ajax/user/general/status.php?username=THEpoulpe at Saturday 9th of March, 2019, 09:42:37 PM
ERROR: SQLSTATE[HY000] [2002] No such file or directory - /v.3.1/inc/ajax/user/general/status.php?username=pontepice159 at Saturday 9th of March, 2019, 09:42:37 PM
ERROR: SQLSTATE[HY000] [2002] No such file or directory - /v.3.1/inc/ajax/user/general/status.php?username=padre at Saturday 9th of March, 2019, 09:42:37 PM
ERROR: SQLSTATE[HY000] [2002] No such file or directory - /v.3.1/inc/ajax/user/general/status.php?username=EnriquePrz at Saturday 9th of March, 2019, 09:42:37 PM
ERROR: SQLSTATE[HY000] [2002] No such file or directory - /v.3.1/inc/ajax/user/general/status.php?username=jeremyc703 at Saturday 9th of March, 2019, 09:42:38 PM
ERROR: SQLSTATE[HY000] [2002] No such file or directory - /v.3.1/inc/ajax/user/general/status.php?username=Otilia at Saturday 9th of March, 2019, 09:42:38 PM
ERROR: SQLSTATE[HY000] [2002] No such file or directory - /v.3.1/inc/ajax/user/general/status.php?username=caca01 at Saturday 9th of March, 2019, 09:42:39 PM
ERROR: SQLSTATE[HY000] [2002] No such file or directory - /v.3.1/inc/ajax/user/general/status.php?username=Broukmaa at Saturday 9th of March, 2019, 09:42:39 PM
ERROR: SQLSTATE[HY000] [2002] No such file or directory - /v.3.1/inc/ajax/user/general/status.php?username=Mouiri at Saturday 9th of March, 2019, 09:42:39 PM
ERROR: SQLSTATE[HY000] [2002] No such file or directory - /v.3.1/inc/ajax/user/general/status.php?username=Nournours at Saturday 9th of March, 2019, 09:49:56 PM
ERROR: SQLSTATE[HY000] [2002] No such file or directory - /v.3.1/inc/ajax/user/general/status.php?username=tapeesther90 at Saturday 9th of March, 2019, 09:49:56 PM
ERROR: SQLSTATE[HY000] [2002] No such file or directory - /v.3.1/inc/ajax/user/general/status.php?username=tapeesther90 at Saturday 9th of March, 2019, 09:49:56 PM
ERROR: SQLSTATE[HY000] [2002] No such file or directory - /v.3.1/inc/ajax/user/general/status.php?username=tapeesther90 at Saturday 9th of March, 2019, 09:49:56 PM
ERROR: SQLSTATE[HY000] [2002] No such file or directory - /v.3.1/inc/ajax/user/general/status.php?username=alucare at Saturday 9th of March, 2019, 09:49:56 PM
ERROR: SQLSTATE[HY000] [2002] No such file or directory - /v.3.1/inc/ajax/user/general/status.php?username=fixkiller at Saturday 9th of March, 2019, 09:49:56 PM
ERROR: SQLSTATE[HY000] [2002] No such file or directory - /v.3.1/inc/ajax/user/general/status.php?username=tapeesther90 at Saturday 9th of March, 2019, 09:49:56 PM
ERROR: SQLSTATE[HY000] [2002] No such file or directory - /v.3.1/inc/ajax/user/general/status.php?username=ZbeubZbeub at Saturday 9th of March, 2019, 09:49:57 PM
ERROR: SQLSTATE[HY000] [2002] No such file or directory - /v.3.1/inc/ajax/user/general/status.php?username=Broukmaa at Saturday 9th of March, 2019, 09:49:57 PM
ERROR: SQLSTATE[HY000] [2002] No such file or directory - /v.3.1/inc/ajax/user/general/status.php?username=THEpoulpe at Saturday 9th of March, 2019, 09:49:57 PM
ERROR: SQLSTATE[HY000] [2002] No such file or directory - /v.3.1/inc/ajax/user/general/status.php?username=padre at Saturday 9th of March, 2019, 09:49:57 PM
ERROR: SQLSTATE[HY000] [2002] No such file or directory - /v.3.1/inc/ajax/user/general/status.php?username=EnriquePrz at Saturday 9th of March, 2019, 09:49:57 PM
ERROR: SQLSTATE[HY000] [2002] No such file or directory - /v.3.1/inc/ajax/user/general/status.php?username=jeremyc703 at Saturday 9th of March, 2019, 09:49:58 PM
ERROR: SQLSTATE[HY000] [2002] No such file or directory - /v.3.1/inc/ajax/user/general/status.php?username=ZbeubZbeub at Saturday 9th of March, 2019, 09:53:12 PM
ERROR: SQLSTATE[HY000] [2002] No such file or directory - /v.3.1/inc/ajax/user/general/status.php?username=Broukmaa at Saturday 9th of March, 2019, 09:53:12 PM
ERROR: SQLSTATE[HY000] [2002] No such file or directory - /v.3.1/inc/ajax/user/general/status.php?username=THEpoulpe at Saturday 9th of March, 2019, 09:53:12 PM
ERROR: SQLSTATE[HY000] [2002] No such file or directory - /v.3.1/inc/ajax/user/general/status.php?username=padre at Saturday 9th of March, 2019, 09:53:12 PM
ERROR: SQLSTATE[HY000] [2002] No such file or directory - /v.3.1/inc/ajax/user/general/status.php?username=EnriquePrz at Saturday 9th of March, 2019, 09:53:12 PM
ERROR: SQLSTATE[HY000] [2002] No such file or directory - /v.3.1/inc/ajax/user/general/status.php?username=jeremyc703 at Saturday 9th of March, 2019, 09:53:13 PM
ERROR: SQLSTATE[HY000] [2002] No such file or directory - /v.3.1/inc/ajax/user/general/status.php?username=Crazy at Saturday 9th of March, 2019, 09:53:13 PM
ERROR: SQLSTATE[HY000] [2002] No such file or directory - /v.3.1/inc/ajax/user/general/status.php?username=Wass34 at Saturday 9th of March, 2019, 09:53:14 PM
ERROR: SQLSTATE[HY000] [2002] No such file or directory - /v.3.1/inc/ajax/user/general/status.php?username=tapeesther90 at Saturday 9th of March, 2019, 09:53:14 PM
ERROR: SQLSTATE[HY000] [2002] No such file or directory - /v.3.1/inc/ajax/user/general/status.php?username=pontepice159 at Saturday 9th of March, 2019, 09:53:14 PM
ERROR: SQLSTATE[HY000] [2002] No such file or directory - /v.3.1/inc/ajax/user/general/status.php?username=keysoxz2 at Saturday 9th of March, 2019, 09:53:14 PM
ERROR: SQLSTATE[HY000] [2002] No such file or directory - /v.3.1/inc/ajax/user/general/status.php?username=ZbeubZbeub at Saturday 9th of March, 2019, 10:01:47 PM
ERROR: SQLSTATE[HY000] [2002] No such file or directory - /v.3.1/inc/ajax/user/general/status.php?username=keysoxz2 at Saturday 9th of March, 2019, 10:01:49 PM
ERROR: SQLSTATE[HY000] [2002] No such file or directory - /v.3.1/inc/ajax/user/general/status.php?username=keysoxz2 at Saturday 9th of March, 2019, 10:03:19 PM
ERROR: SQLSTATE[HY000] [2002] No such file or directory - /v.3.1/inc/ajax/user/general/status.php?username=padre at Saturday 9th of March, 2019, 10:03:22 PM
ERROR: SQLSTATE[HY000] [2002] No such file or directory - /v.3.1/inc/ajax/user/general/status.php?username=padre at Saturday 9th of March, 2019, 10:06:58 PM
ERROR: SQLSTATE[HY000] [2002] No such file or directory - /v.3.1/inc/ajax/user/general/status.php?username=keysoxz2 at Saturday 9th of March, 2019, 10:06:59 PM
ERROR: SQLSTATE[HY000] [2002] No such file or directory - /v.3.1/inc/ajax/user/general/status.php?username=keysoxz2 at Saturday 16th of March, 2019, 08:20:15 PM
ERROR: SQLSTATE[HY000] [2002] No such file or directory - /v.3.1/inc/ajax/user/general/status.php?username=padre at Saturday 16th of March, 2019, 08:20:16 PM
ERROR: SQLSTATE[HY000] [2002] No such file or directory - /v.3.1/inc/ajax/user/general/status.php?username=Thekairi59 at Saturday 16th of March, 2019, 08:20:46 PM
ERROR: SQLSTATE[HY000] [2002] No such file or directory - /v.3.1/inc/ajax/user/general/status.php?username=tapeesther90 at Tuesday 19th of March, 2019, 08:12:04 PM
ERROR: SQLSTATE[HY000] [2002] No such file or directory - /v.3.1/inc/ajax/user/general/status.php?username=padre at Tuesday 19th of March, 2019, 08:12:04 PM
ERROR: SQLSTATE[HY000] [2002] No such file or directory - /v.3.1/inc/ajax/user/general/status.php?username=Dioff34 at Tuesday 19th of March, 2019, 08:12:04 PM
ERROR: SQLSTATE[HY000] [2002] No such file or directory - /v.3.1/inc/ajax/user/general/status.php?username=fixkiller at Tuesday 19th of March, 2019, 08:12:04 PM
ERROR: SQLSTATE[HY000] [2002] No such file or directory - /v.3.1/inc/ajax/user/general/status.php?username=EnriquePrz at Tuesday 19th of March, 2019, 08:12:05 PM
ERROR: SQLSTATE[HY000] [2002] No such file or directory - /v.3.1/inc/ajax/user/general/status.php?username=padre at Tuesday 19th of March, 2019, 08:12:05 PM
ERROR: SQLSTATE[HY000] [2002] No such file or directory - /v.3.1/inc/ajax/user/general/status.php?username=Vanoblo at Tuesday 19th of March, 2019, 08:12:06 PM
ERROR: SQLSTATE[HY000] [2002] No such file or directory - /v.3.1/inc/ajax/user/general/status.php?username=michel18 at Tuesday 19th of March, 2019, 08:12:36 PM
ERROR: SQLSTATE[HY000] [2002] No such file or directory - /v.3.1/inc/ajax/user/general/status.php?username=Crazy at Tuesday 19th of March, 2019, 08:12:36 PM
ERROR: SQLSTATE[HY000] [2002] No such file or directory - /v.3.1/inc/ajax/user/general/status.php?username=michel18 at Tuesday 19th of March, 2019, 08:13:07 PM
ERROR: SQLSTATE[HY000] [2002] No such file or directory - /v.3.1/inc/ajax/user/general/status.php?username=Crazy at Tuesday 19th of March, 2019, 08:14:11 PM
ERROR: SQLSTATE[HY000] [2002] No such file or directory - /v.3.1/inc/ajax/user/general/status.php?username=Crazy at Tuesday 19th of March, 2019, 08:15:16 PM
ERROR: SQLSTATE[HY000] [2002] No such file or directory - /v.3.1/inc/ajax/user/general/status.php?username=Crazy at Tuesday 19th of March, 2019, 08:16:21 PM
ERROR: SQLSTATE[HY000] [2002] No such file or directory - /v.3.1/inc/ajax/user/general/status.php?username=Crazy at Tuesday 19th of March, 2019, 08:16:56 PM
ERROR: SQLSTATE[HY000] [2002] No such file or directory - /v.3.1/inc/ajax/user/general/status.php?username=Crazy at Tuesday 19th of March, 2019, 08:17:31 PM
ERROR: SQLSTATE[HY000] [2002] No such file or directory - /v.3.1/inc/ajax/user/general/status.php?username=Crazy at Tuesday 19th of March, 2019, 08:18:01 PM
ERROR: SQLSTATE[HY000] [2002] No such file or directory - /v.3.1/inc/ajax/user/general/status.php?username=IsMeatz at Tuesday 19th of March, 2019, 08:18:02 PM
ERROR: SQLSTATE[HY000] [2002] No such file or directory - /v.3.1/inc/ajax/user/general/status.php?username=popo27200 at Tuesday 19th of March, 2019, 08:18:34 PM
ERROR: SQLSTATE[HY000] [2002] No such file or directory - /v.3.1/inc/ajax/user/general/status.php?username=Clement1207 at Wednesday 20th of March, 2019, 07:08:49 AM
ERROR: SQLSTATE[HY000] [2002] No such file or directory - /v.3.1/inc/ajax/user/general/status.php?username=Mouiri at Wednesday 20th of March, 2019, 07:08:50 AM
ERROR: SQLSTATE[HY000] [2002] No such file or directory - /v.3.1/inc/ajax/user/general/status.php?username=leried at Wednesday 20th of March, 2019, 07:08:50 AM
ERROR: SQLSTATE[HY000] [2002] No such file or directory - /v.3.1/inc/ajax/user/general/status.php?username=leried at Wednesday 20th of March, 2019, 07:09:19 AM
ERROR: SQLSTATE[HY000] [2002] No such file or directory - /v.3.1/inc/ajax/user/general/status.php?username=leried at Wednesday 20th of March, 2019, 07:10:25 AM
ERROR: SQLSTATE[HY000] [2002] No such file or directory - /v.3.1/inc/ajax/user/general/status.php?username=leried at Wednesday 20th of March, 2019, 07:11:00 AM
ERROR: SQLSTATE[HY000] [2002] No such file or directory - /v.3.1/inc/ajax/user/general/status.php?username=leried at Wednesday 20th of March, 2019, 07:12:05 AM
ERROR: SQLSTATE[HY000] [2002] No such file or directory - /v.3.1/inc/ajax/user/general/status.php?username=leried at Wednesday 20th of March, 2019, 07:13:08 AM
ERROR: SQLSTATE[HY000] [2002] No such file or directory - /v.3.1/inc/ajax/user/general/status.php?username=leried at Wednesday 20th of March, 2019, 07:13:10 AM
ERROR: SQLSTATE[HY000] [2002] No such file or directory - /v.3.1/inc/ajax/user/general/status.php?username=leried at Wednesday 20th of March, 2019, 07:14:15 AM
ERROR: SQLSTATE[HY000] [2002] No such file or directory - /v.3.1/inc/ajax/user/general/status.php?username=leried at Wednesday 20th of March, 2019, 07:15:21 AM
ERROR: SQLSTATE[HY000] [2002] No such file or directory - /v.3.1/inc/ajax/user/general/status.php?username=Clement1207 at Wednesday 20th of March, 2019, 07:15:22 AM
ERROR: SQLSTATE[HY000] [2002] No such file or directory - /v.3.1/inc/ajax/user/general/status.php?username=leried at Wednesday 20th of March, 2019, 07:16:26 AM
ERROR: SQLSTATE[HY000] [2002] No such file or directory - /v.3.1/inc/ajax/user/general/status.php?username=Clement1207 at Wednesday 20th of March, 2019, 07:16:57 AM
ERROR: SQLSTATE[HY000] [2002] No such file or directory - /v.3.1/inc/ajax/user/general/status.php?username=leried at Wednesday 20th of March, 2019, 07:17:31 AM
ERROR: SQLSTATE[HY000] [2002] No such file or directory - /v.3.1/inc/ajax/user/general/status.php?username=leried at Wednesday 20th of March, 2019, 07:18:06 AM
ERROR: SQLSTATE[HY000] [2002] No such file or directory - /v.3.1/inc/ajax/user/general/status.php?username=leried at Wednesday 20th of March, 2019, 07:18:36 AM
ERROR: SQLSTATE[HY000] [2006] MySQL server has gone away - /v.3.1/inc/ajax/user/general/status.php?username=leried at Wednesday 20th of March, 2019, 07:19:09 AM
ERROR: SQLSTATE[HY000] [2002] No such file or directory - /v.3.1/inc/ajax/user/general/status.php?username=leried at Wednesday 20th of March, 2019, 07:19:11 AM
ERROR: SQLSTATE[HY000] [2002] No such file or directory - /v.3.1/inc/ajax/user/general/status.php?username=Zouzi57 at Wednesday 20th of March, 2019, 07:20:15 AM
ERROR: SQLSTATE[HY000] [2002] No such file or directory - /v.3.1/inc/ajax/user/general/status.php?username=leried at Wednesday 20th of March, 2019, 07:20:16 AM
ERROR: SQLSTATE[HY000] [2002] No such file or directory - /v.3.1/inc/ajax/user/general/status.php?username=Zouzi57 at Wednesday 20th of March, 2019, 07:20:50 AM
ERROR: SQLSTATE[HY000] [2002] No such file or directory - /v.3.1/inc/ajax/user/general/status.php?username=leried at Wednesday 20th of March, 2019, 07:21:21 AM
ERROR: SQLSTATE[HY000] [2002] No such file or directory - /v.3.1/inc/ajax/user/general/status.php?username=Zouzi57 at Wednesday 20th of March, 2019, 07:21:55 AM
ERROR: SQLSTATE[HY000] [2002] No such file or directory - /v.3.1/inc/ajax/user/general/status.php?username=leried at Wednesday 20th of March, 2019, 07:22:27 AM
ERROR: SQLSTATE[HY000] [2002] No such file or directory - /v.3.1/inc/ajax/user/general/status.php?username=Zouzi57 at Wednesday 20th of March, 2019, 07:23:00 AM
ERROR: SQLSTATE[HY000] [2002] No such file or directory - /v.3.1/inc/ajax/user/general/status.php?username=leried at Wednesday 20th of March, 2019, 07:23:32 AM
ERROR: SQLSTATE[HY000] [2002] No such file or directory - /v.3.1/inc/ajax/user/general/status.php?username=Zouzi57 at Wednesday 20th of March, 2019, 07:24:05 AM
ERROR: SQLSTATE[HY000] [2006] MySQL server has gone away - /v.3.1/inc/ajax/user/general/status.php?username=Zouzi57 at Wednesday 20th of March, 2019, 07:24:35 AM
ERROR: SQLSTATE[HY000] [2002] No such file or directory - /v.3.1/inc/ajax/user/general/status.php?username=leried at Wednesday 20th of March, 2019, 07:25:07 AM
ERROR: SQLSTATE[HY000] [2002] No such file or directory - /v.3.1/inc/ajax/user/general/status.php?username=Zouzi57 at Wednesday 20th of March, 2019, 07:25:10 AM
ERROR: SQLSTATE[HY000] [2002] No such file or directory - /v.3.1/inc/ajax/user/general/status.php?username=leried at Wednesday 20th of March, 2019, 07:25:42 AM
ERROR: SQLSTATE[HY000] [2002] No such file or directory - /v.3.1/inc/ajax/user/general/status.php?username=leried at Wednesday 20th of March, 2019, 07:26:47 AM
ERROR: SQLSTATE[HY000] [2002] No such file or directory - /v.3.1/inc/ajax/user/general/status.php?username=leried at Wednesday 20th of March, 2019, 07:27:52 AM
ERROR: SQLSTATE[HY000] [2002] No such file or directory - /v.3.1/inc/ajax/user/general/status.php?username=leried at Wednesday 20th of March, 2019, 07:28:58 AM
ERROR: SQLSTATE[HY000] [2002] No such file or directory - /v.3.1/inc/ajax/user/general/status.php?username=leried at Wednesday 20th of March, 2019, 07:30:03 AM
ERROR: SQLSTATE[HY000] [2002] No such file or directory - /v.3.1/inc/ajax/user/general/status.php?username=leried at Wednesday 20th of March, 2019, 07:31:08 AM
ERROR: SQLSTATE[HY000] [2002] No such file or directory - /v.3.1/inc/ajax/user/general/status.php?username=leried at Wednesday 20th of March, 2019, 07:31:43 AM
ERROR: SQLSTATE[HY000] [2002] No such file or directory - /v.3.1/inc/ajax/user/general/status.php?username=leried at Wednesday 20th of March, 2019, 07:33:18 AM
ERROR: SQLSTATE[HY000] [2002] No such file or directory - /v.3.1/inc/ajax/user/general/status.php?username=leried at Wednesday 20th of March, 2019, 07:34:23 AM
ERROR: SQLSTATE[HY000] [2002] No such file or directory - /v.3.1/inc/ajax/user/general/status.php?username=leried at Wednesday 20th of March, 2019, 07:34:58 AM
ERROR: SQLSTATE[HY000] [2002] No such file or directory - /v.3.1/inc/ajax/user/general/status.php?username=leried at Wednesday 20th of March, 2019, 07:36:03 AM
ERROR: SQLSTATE[HY000] [2002] No such file or directory - /v.3.1/inc/ajax/user/general/status.php?username=leried at Wednesday 20th of March, 2019, 07:37:08 AM
ERROR: SQLSTATE[HY000] [2002] No such file or directory - /v.3.1/inc/ajax/user/general/status.php?username=leried at Wednesday 20th of March, 2019, 07:37:43 AM
ERROR: SQLSTATE[HY000] [2002] No such file or directory - /v.3.1/inc/ajax/user/general/status.php?username=leried at Wednesday 20th of March, 2019, 07:38:13 AM
ERROR: SQLSTATE[HY000] [2002] No such file or directory - /v.3.1/inc/ajax/user/general/status.php?username=leried at Wednesday 20th of March, 2019, 07:38:48 AM
ERROR: SQLSTATE[HY000] [2002] No such file or directory - /v.3.1/inc/ajax/user/general/status.php?username=Clement1207 at Wednesday 20th of March, 2019, 07:46:23 AM
ERROR: SQLSTATE[HY000] [2002] No such file or directory - /v.3.1/inc/ajax/user/general/status.php?username=Clement1207 at Wednesday 20th of March, 2019, 07:46:58 AM
ERROR: SQLSTATE[HY000] [2002] No such file or directory - /v.3.1/inc/ajax/user/general/status.php?username=Clement1207 at Wednesday 20th of March, 2019, 07:47:28 AM
ERROR: SQLSTATE[HY000] [2002] No such file or directory - /v.3.1/inc/ajax/user/general/status.php?username=Clement1207 at Wednesday 20th of March, 2019, 07:48:03 AM
ERROR: SQLSTATE[HY000] [2002] No such file or directory - /v.3.1/inc/ajax/user/general/status.php?username=ZooL at Wednesday 20th of March, 2019, 02:54:53 PM
ERROR: SQLSTATE[HY000] [2002] No such file or directory - /v.3.1/inc/ajax/user/general/status.php?username=LeKheySLY at Wednesday 20th of March, 2019, 02:54:53 PM
ERROR: SQLSTATE[HY000] [2002] No such file or directory - /v.3.1/inc/ajax/user/general/status.php?username=juliettep46 at Wednesday 20th of March, 2019, 02:54:54 PM
ERROR: SQLSTATE[HY000] [2002] No such file or directory - /v.3.1/inc/ajax/user/general/status.php?username=Luzrox at Wednesday 20th of March, 2019, 02:54:54 PM
ERROR: SQLSTATE[HY000] [2002] No such file or directory - /v.3.1/inc/ajax/user/general/status.php?username=ZbeubZbeub at Wednesday 20th of March, 2019, 02:54:54 PM
ERROR: SQLSTATE[HY000] [2002] No such file or directory - /v.3.1/inc/ajax/user/general/status.php?username=smscratuit at Wednesday 20th of March, 2019, 03:01:23 PM
ERROR: SQLSTATE[HY000] [2002] No such file or directory - /v.3.1/inc/ajax/user/general/status.php?username=juliettep46 at Wednesday 20th of March, 2019, 03:01:23 PM
ERROR: SQLSTATE[HY000] [2002] No such file or directory - /v.3.1/inc/ajax/user/general/status.php?username=juliettep46 at Wednesday 20th of March, 2019, 03:01:23 PM
ERROR: SQLSTATE[HY000] [2002] No such file or directory - /v.3.1/inc/ajax/user/general/status.php?username=juliettep46 at Wednesday 20th of March, 2019, 03:01:26 PM
ERROR: SQLSTATE[HY000] [2002] No such file or directory - /v.3.1/inc/ajax/user/general/status.php?username=juliettep46 at Wednesday 20th of March, 2019, 03:02:31 PM
ERROR: SQLSTATE[HY000] [2002] No such file or directory - /v.3.1/inc/ajax/user/general/status.php?username=Xclash at Saturday 23rd of March, 2019, 09:31:59 AM
ERROR: SQLSTATE[HY000] [2002] No such file or directory - /v.3.1/inc/ajax/user/general/status.php?username=Xclash at Saturday 23rd of March, 2019, 09:32:29 AM
ERROR: SQLSTATE[HY000] [2002] No such file or directory - /v.3.1/inc/ajax/user/general/status.php?username=Xclash at Saturday 23rd of March, 2019, 09:33:34 AM
ERROR: SQLSTATE[HY000] [2002] No such file or directory - /v.3.1/inc/ajax/user/general/status.php?username=Xclash at Saturday 23rd of March, 2019, 09:35:09 AM
ERROR: SQLSTATE[HY000] [2002] No such file or directory - /v.3.1/inc/ajax/user/general/status.php?username=ZbeubZbeub at Saturday 23rd of March, 2019, 09:36:47 AM
ERROR: SQLSTATE[HY000] [2002] No such file or directory - /v.3.1/inc/ajax/user/general/status.php?username=Nournours at Saturday 23rd of March, 2019, 09:36:47 AM
ERROR: SQLSTATE[HY000] [2002] No such file or directory - /v.3.1/inc/ajax/user/general/status.php?username=robot1 at Saturday 23rd of March, 2019, 09:36:48 AM
ERROR: SQLSTATE[HY000] [2002] No such file or directory - /v.3.1/inc/ajax/user/general/status.php?username=fixkiller at Saturday 23rd of March, 2019, 09:36:48 AM
ERROR: SQLSTATE[HY000] [2002] No such file or directory - /v.3.1/inc/ajax/user/general/status.php?username=RyzennTV at Saturday 23rd of March, 2019, 09:37:17 AM
ERROR: SQLSTATE[HY000] [2002] No such file or directory - /v.3.1/inc/ajax/user/general/status.php?username=RyzennTV at Saturday 23rd of March, 2019, 09:38:23 AM
ERROR: SQLSTATE[HY000] [2002] No such file or directory - /v.3.1/inc/ajax/user/general/status.php?username=Vorgol at Saturday 23rd of March, 2019, 09:42:07 AM
ERROR: SQLSTATE[HY000] [2002] No such file or directory - /v.3.1/inc/ajax/user/general/status.php?username=Blackrider at Saturday 23rd of March, 2019, 09:42:07 AM
ERROR: SQLSTATE[HY000] [2002] No such file or directory - /v.3.1/inc/ajax/user/general/status.php?username=Blackrider at Saturday 23rd of March, 2019, 09:43:11 AM
ERROR: SQLSTATE[HY000] [2002] No such file or directory - /v.3.1/inc/ajax/user/general/status.php?username=Vorgol at Saturday 23rd of March, 2019, 09:43:12 AM
ERROR: SQLSTATE[HY000] [2002] No such file or directory - /v.3.1/inc/ajax/user/general/status.php?username=Vorgol at Saturday 23rd of March, 2019, 09:43:42 AM
ERROR: SQLSTATE[HY000] [2002] No such file or directory - /v.3.1/inc/ajax/user/general/status.php?username=Vorgol at Saturday 23rd of March, 2019, 09:44:47 AM
ERROR: SQLSTATE[HY000] [2002] No such file or directory - /v.3.1/inc/ajax/user/general/status.php?username=Vorgol at Saturday 23rd of March, 2019, 09:45:52 AM
ERROR: SQLSTATE[HY000] [2002] No such file or directory - /v.3.1/inc/ajax/user/general/status.php?username=Rayan79990 at Saturday 23rd of March, 2019, 09:46:55 AM
ERROR: SQLSTATE[HY000] [2002] No such file or directory - /v.3.1/inc/ajax/user/general/status.php?username=Vorgol at Saturday 23rd of March, 2019, 09:46:57 AM
ERROR: SQLSTATE[HY000] [2002] No such file or directory - /v.3.1/inc/ajax/user/general/status.php?username=Rayan79990 at Saturday 23rd of March, 2019, 09:47:26 AM
ERROR: SQLSTATE[HY000] [2002] No such file or directory - /v.3.1/inc/ajax/user/general/status.php?username=Vorgol at Saturday 23rd of March, 2019, 09:47:27 AM
ERROR: SQLSTATE[HY000] [2002] No such file or directory - /v.3.1/inc/ajax/user/general/status.php?username=Vorgol at Saturday 23rd of March, 2019, 09:48:02 AM
ERROR: SQLSTATE[HY000] [2002] No such file or directory - /v.3.1/inc/ajax/user/general/status.php?username=Sterll at Tuesday 16th of April, 2019, 07:37:30 PM
ERROR: SQLSTATE[HY000] [2002] No such file or directory - /v.3.1/inc/ajax/user/general/status.php?username=fixkiller at Monday 29th of April, 2019, 04:49:02 PM
ERROR: SQLSTATE[HY000] [2002] No such file or directory - /v.3.1/inc/ajax/user/general/status.php?username=flvix at Monday 29th of April, 2019, 04:49:02 PM
ERROR: SQLSTATE[HY000] [2002] No such file or directory - /v.3.1/inc/ajax/user/general/status.php?username=walidouarab at Monday 29th of April, 2019, 04:49:03 PM
ERROR: SQLSTATE[HY000] [2002] No such file or directory - /v.3.1/inc/ajax/user/general/status.php?username=atarrha at Monday 29th of April, 2019, 04:49:03 PM
